Analysis & Synthesis report for code
Sun Aug 06 00:56:28 2017
Quartus II 64-Bit Version 13.0.0 Build 156 04/24/2013 SJ Full Version


---------------------
; Table of Contents ;
---------------------
  1. Legal Notice
  2. Analysis & Synthesis Summary
  3. Analysis & Synthesis Settings
  4. Parallel Compilation
  5. Analysis & Synthesis Source Files Read
  6. Analysis & Synthesis Resource Usage Summary
  7. Analysis & Synthesis Resource Utilization by Entity
  8. State Machine - |code|charing:inst2|state
  9. Registers Removed During Synthesis
 10. General Register Statistics
 11. Multiplexer Restructuring Statistics (Restructuring Performed)
 12. Parameter Settings for User Entity Instance: charing:inst2
 13. Elapsed Time Per Partition
 14. Analysis & Synthesis Messages
 15. Analysis & Synthesis Suppressed Messages



----------------
; Legal Notice ;
----------------
Copyright (C) 1991-2013 Altera Corporation
Your use of Altera Corporation's design tools, logic functions 
and other software and tools, and its AMPP partner logic 
functions, and any output files from any of the foregoing 
(including device programming or simulation files), and any 
associated documentation or information are expressly subject 
to the terms and conditions of the Altera Program License 
Subscription Agreement, Altera MegaCore Function License 
Agreement, or other applicable license agreement, including, 
without limitation, that your use is for the sole purpose of 
programming logic devices manufactured by Altera and sold by 
Altera or its authorized distributors.  Please refer to the 
applicable agreement for further details.



+----------------------------------------------------------------------------------+
; Analysis & Synthesis Summary                                                     ;
+------------------------------------+---------------------------------------------+
; Analysis & Synthesis Status        ; Successful - Sun Aug 06 00:56:28 2017       ;
; Quartus II 64-Bit Version          ; 13.0.0 Build 156 04/24/2013 SJ Full Version ;
; Revision Name                      ; code                                        ;
; Top-level Entity Name              ; code                                        ;
; Family                             ; Cyclone II                                  ;
; Total logic elements               ; 1,279                                       ;
;     Total combinational functions  ; 1,279                                       ;
;     Dedicated logic registers      ; 156                                         ;
; Total registers                    ; 156                                         ;
; Total pins                         ; 20                                          ;
; Total virtual pins                 ; 0                                           ;
; Total memory bits                  ; 0                                           ;
; Embedded Multiplier 9-bit elements ; 0                                           ;
; Total PLLs                         ; 0                                           ;
+------------------------------------+---------------------------------------------+


+----------------------------------------------------------------------------------------------------------------------+
; Analysis & Synthesis Settings                                                                                        ;
+----------------------------------------------------------------------------+--------------------+--------------------+
; Option                                                                     ; Setting            ; Default Value      ;
+----------------------------------------------------------------------------+--------------------+--------------------+
; Device                                                                     ; EP2C5Q208C8        ;                    ;
; Top-level entity name                                                      ; code               ; code               ;
; Family name                                                                ; Cyclone II         ; Cyclone IV GX      ;
; Use smart compilation                                                      ; Off                ; Off                ;
; Enable parallel Assembler and TimeQuest Timing Analyzer during compilation ; On                 ; On                 ;
; Enable compact report table                                                ; Off                ; Off                ;
; Restructure Multiplexers                                                   ; Auto               ; Auto               ;
; Create Debugging Nodes for IP Cores                                        ; Off                ; Off                ;
; Preserve fewer node names                                                  ; On                 ; On                 ;
; Disable OpenCore Plus hardware evaluation                                  ; Off                ; Off                ;
; Verilog Version                                                            ; Verilog_2001       ; Verilog_2001       ;
; VHDL Version                                                               ; VHDL_1993          ; VHDL_1993          ;
; State Machine Processing                                                   ; Auto               ; Auto               ;
; Safe State Machine                                                         ; Off                ; Off                ;
; Extract Verilog State Machines                                             ; On                 ; On                 ;
; Extract VHDL State Machines                                                ; On                 ; On                 ;
; Ignore Verilog initial constructs                                          ; Off                ; Off                ;
; Iteration limit for constant Verilog loops                                 ; 5000               ; 5000               ;
; Iteration limit for non-constant Verilog loops                             ; 250                ; 250                ;
; Add Pass-Through Logic to Inferred RAMs                                    ; On                 ; On                 ;
; Infer RAMs from Raw Logic                                                  ; On                 ; On                 ;
; Parallel Synthesis                                                         ; On                 ; On                 ;
; DSP Block Balancing                                                        ; Auto               ; Auto               ;
; NOT Gate Push-Back                                                         ; On                 ; On                 ;
; Power-Up Don't Care                                                        ; On                 ; On                 ;
; Remove Redundant Logic Cells                                               ; Off                ; Off                ;
; Remove Duplicate Registers                                                 ; On                 ; On                 ;
; Ignore CARRY Buffers                                                       ; Off                ; Off                ;
; Ignore CASCADE Buffers                                                     ; Off                ; Off                ;
; Ignore GLOBAL Buffers                                                      ; Off                ; Off                ;
; Ignore ROW GLOBAL Buffers                                                  ; Off                ; Off                ;
; Ignore LCELL Buffers                                                       ; Off                ; Off                ;
; Ignore SOFT Buffers                                                        ; On                 ; On                 ;
; Limit AHDL Integers to 32 Bits                                             ; Off                ; Off                ;
; Optimization Technique                                                     ; Balanced           ; Balanced           ;
; Carry Chain Length                                                         ; 70                 ; 70                 ;
; Auto Carry Chains                                                          ; On                 ; On                 ;
; Auto Open-Drain Pins                                                       ; On                 ; On                 ;
; Perform WYSIWYG Primitive Resynthesis                                      ; Off                ; Off                ;
; Auto ROM Replacement                                                       ; On                 ; On                 ;
; Auto RAM Replacement                                                       ; On                 ; On                 ;
; Auto Shift Register Replacement                                            ; Auto               ; Auto               ;
; Allow Shift Register Merging across Hierarchies                            ; Auto               ; Auto               ;
; Auto Clock Enable Replacement                                              ; On                 ; On                 ;
; Strict RAM Replacement                                                     ; Off                ; Off                ;
; Allow Synchronous Control Signals                                          ; On                 ; On                 ;
; Force Use of Synchronous Clear Signals                                     ; Off                ; Off                ;
; Auto RAM to Logic Cell Conversion                                          ; Off                ; Off                ;
; Auto Resource Sharing                                                      ; Off                ; Off                ;
; Allow Any RAM Size For Recognition                                         ; Off                ; Off                ;
; Allow Any ROM Size For Recognition                                         ; Off                ; Off                ;
; Allow Any Shift Register Size For Recognition                              ; Off                ; Off                ;
; Use LogicLock Constraints during Resource Balancing                        ; On                 ; On                 ;
; Ignore translate_off and synthesis_off directives                          ; Off                ; Off                ;
; Timing-Driven Synthesis                                                    ; Off                ; Off                ;
; Report Parameter Settings                                                  ; On                 ; On                 ;
; Report Source Assignments                                                  ; On                 ; On                 ;
; Report Connectivity Checks                                                 ; On                 ; On                 ;
; Ignore Maximum Fan-Out Assignments                                         ; Off                ; Off                ;
; Synchronization Register Chain Length                                      ; 2                  ; 2                  ;
; PowerPlay Power Optimization                                               ; Normal compilation ; Normal compilation ;
; HDL message level                                                          ; Level2             ; Level2             ;
; Suppress Register Optimization Related Messages                            ; Off                ; Off                ;
; Number of Removed Registers Reported in Synthesis Report                   ; 5000               ; 5000               ;
; Number of Swept Nodes Reported in Synthesis Report                         ; 5000               ; 5000               ;
; Number of Inverted Registers Reported in Synthesis Report                  ; 100                ; 100                ;
; Clock MUX Protection                                                       ; On                 ; On                 ;
; Auto Gated Clock Conversion                                                ; Off                ; Off                ;
; Block Design Naming                                                        ; Auto               ; Auto               ;
; SDC constraint protection                                                  ; Off                ; Off                ;
; Synthesis Effort                                                           ; Auto               ; Auto               ;
; Shift Register Replacement - Allow Asynchronous Clear Signal               ; On                 ; On                 ;
; Pre-Mapping Resynthesis Optimization                                       ; Off                ; Off                ;
; Analysis & Synthesis Message Level                                         ; Medium             ; Medium             ;
; Disable Register Merging Across Hierarchies                                ; Auto               ; Auto               ;
; Resource Aware Inference For Block RAM                                     ; On                 ; On                 ;
; Synthesis Seed                                                             ; 1                  ; 1                  ;
+----------------------------------------------------------------------------+--------------------+--------------------+


+------------------------------------------+
; Parallel Compilation                     ;
+----------------------------+-------------+
; Processors                 ; Number      ;
+----------------------------+-------------+
; Number detected on machine ; 8           ;
; Maximum allowed            ; 4           ;
;                            ;             ;
; Average used               ; 1.00        ;
; Maximum used               ; 1           ;
;                            ;             ;
; Usage by Processor         ; % Time Used ;
;     Processor 1            ; 100.0%      ;
;     Processors 2-8         ;   0.0%      ;
+----------------------------+-------------+


+----------------------------------------------------------------------------------------------------------------------------------+
; Analysis & Synthesis Source Files Read                                                                                           ;
+----------------------------------+-----------------+------------------------------------+------------------------------+---------+
; File Name with User-Entered Path ; Used in Netlist ; File Type                          ; File Name with Absolute Path ; Library ;
+----------------------------------+-----------------+------------------------------------+------------------------------+---------+
; keyboard.v                       ; yes             ; User Verilog HDL File              ; H:/code/keyboard.v           ;         ;
; state.v                          ; yes             ; User Verilog HDL File              ; H:/code/state.v              ;         ;
; fenpin.v                         ; yes             ; User Verilog HDL File              ; H:/code/fenpin.v             ;         ;
; code.bdf                         ; yes             ; User Block Diagram/Schematic File  ; H:/code/code.bdf             ;         ;
+----------------------------------+-----------------+------------------------------------+------------------------------+---------+


+------------------------------------------------------------------+
; Analysis & Synthesis Resource Usage Summary                      ;
+---------------------------------------------+--------------------+
; Resource                                    ; Usage              ;
+---------------------------------------------+--------------------+
; Estimated Total logic elements              ; 1,279              ;
;                                             ;                    ;
; Total combinational functions               ; 1279               ;
; Logic element usage by number of LUT inputs ;                    ;
;     -- 4 input functions                    ; 561                ;
;     -- 3 input functions                    ; 84                 ;
;     -- <=2 input functions                  ; 634                ;
;                                             ;                    ;
; Logic elements by mode                      ;                    ;
;     -- normal mode                          ; 743                ;
;     -- arithmetic mode                      ; 536                ;
;                                             ;                    ;
; Total registers                             ; 156                ;
;     -- Dedicated logic registers            ; 156                ;
;     -- I/O registers                        ; 0                  ;
;                                             ;                    ;
; I/O pins                                    ; 20                 ;
; Embedded Multiplier 9-bit elements          ; 0                  ;
; Maximum fan-out node                        ; f_1hz:inst|clkout1 ;
; Maximum fan-out                             ; 138                ;
; Total fan-out                               ; 4111               ;
; Average fan-out                             ; 2.83               ;
+---------------------------------------------+--------------------+


+------------------------------------------------------------------------------------------------------------------------------------------------------------------------------+
; Analysis & Synthesis Resource Utilization by Entity                                                                                                                          ;
+----------------------------+-------------------+--------------+-------------+--------------+---------+-----------+------+--------------+----------------------+--------------+
; Compilation Hierarchy Node ; LC Combinationals ; LC Registers ; Memory Bits ; DSP Elements ; DSP 9x9 ; DSP 18x18 ; Pins ; Virtual Pins ; Full Hierarchy Name  ; Library Name ;
+----------------------------+-------------------+--------------+-------------+--------------+---------+-----------+------+--------------+----------------------+--------------+
; |code                      ; 1279 (0)          ; 156 (0)      ; 0           ; 0            ; 0       ; 0         ; 20   ; 0            ; |code                ;              ;
;    |charing:inst2|         ; 1032 (1032)       ; 55 (55)      ; 0           ; 0            ; 0       ; 0         ; 0    ; 0            ; |code|charing:inst2  ;              ;
;    |f_1hz:inst|            ; 25 (25)           ; 18 (18)      ; 0           ; 0            ; 0       ; 0         ; 0    ; 0            ; |code|f_1hz:inst     ;              ;
;    |keyboard:inst1|        ; 222 (222)         ; 83 (83)      ; 0           ; 0            ; 0       ; 0         ; 0    ; 0            ; |code|keyboard:inst1 ;              ;
+----------------------------+-------------------+--------------+-------------+--------------+---------+-----------+------+--------------+----------------------+--------------+
Note: For table entries with two numbers listed, the numbers in parentheses indicate the number of resources of the given type used by the specific entity alone. The numbers listed outside of parentheses indicate the total resources of the given type used by the specific entity and all of its sub-entities in the hierarchy.


Encoding Type:  One-Hot
+---------------------------------------------------------------------------------------+
; State Machine - |code|charing:inst2|state                                             ;
+----------+----------+----------+----------+----------+----------+----------+----------+
; Name     ; state.s6 ; state.s5 ; state.s4 ; state.s3 ; state.s2 ; state.s1 ; state.s0 ;
+----------+----------+----------+----------+----------+----------+----------+----------+
; state.s0 ; 0        ; 0        ; 0        ; 0        ; 0        ; 0        ; 0        ;
; state.s1 ; 0        ; 0        ; 0        ; 0        ; 0        ; 1        ; 1        ;
; state.s2 ; 0        ; 0        ; 0        ; 0        ; 1        ; 0        ; 1        ;
; state.s3 ; 0        ; 0        ; 0        ; 1        ; 0        ; 0        ; 1        ;
; state.s4 ; 0        ; 0        ; 1        ; 0        ; 0        ; 0        ; 1        ;
; state.s5 ; 0        ; 1        ; 0        ; 0        ; 0        ; 0        ; 1        ;
; state.s6 ; 1        ; 0        ; 0        ; 0        ; 0        ; 0        ; 1        ;
+----------+----------+----------+----------+----------+----------+----------+----------+


+----------------------------------------------------------------------------+
; Registers Removed During Synthesis                                         ;
+---------------------------------------+------------------------------------+
; Register name                         ; Reason for Removal                 ;
+---------------------------------------+------------------------------------+
; charing:inst2|count[0]                ; Merged with keyboard:inst1|i[0]    ;
; charing:inst2|state~9                 ; Lost fanout                        ;
; charing:inst2|state~10                ; Lost fanout                        ;
; charing:inst2|state~11                ; Lost fanout                        ;
; keyboard:inst1|i[1]                   ; Merged with charing:inst2|count[1] ;
; Total Number of Removed Registers = 5 ;                                    ;
+---------------------------------------+------------------------------------+


+------------------------------------------------------+
; General Register Statistics                          ;
+----------------------------------------------+-------+
; Statistic                                    ; Value ;
+----------------------------------------------+-------+
; Total registers                              ; 156   ;
; Number of registers using Synchronous Clear  ; 12    ;
; Number of registers using Synchronous Load   ; 18    ;
; Number of registers using Asynchronous Clear ; 0     ;
; Number of registers using Asynchronous Load  ; 0     ;
; Number of registers using Clock Enable       ; 26    ;
; Number of registers using Preset             ; 0     ;
+----------------------------------------------+-------+


+----------------------------------------------------------------------------------------------------------------------------------------------+
; Multiplexer Restructuring Statistics (Restructuring Performed)                                                                               ;
+--------------------+-----------+---------------+----------------------+------------------------+------------+--------------------------------+
; Multiplexer Inputs ; Bus Width ; Baseline Area ; Area if Restructured ; Saving if Restructured ; Registered ; Example Multiplexer Output     ;
+--------------------+-----------+---------------+----------------------+------------------------+------------+--------------------------------+
; 14:1               ; 65 bits   ; 585 LEs       ; 65 LEs               ; 520 LEs                ; Yes        ; |code|keyboard:inst1|i3[1]     ;
; 17:1               ; 2 bits    ; 22 LEs        ; 16 LEs               ; 6 LEs                  ; Yes        ; |code|charing:inst2|out2[6]    ;
; 17:1               ; 4 bits    ; 44 LEs        ; 32 LEs               ; 12 LEs                 ; Yes        ; |code|charing:inst2|out2[2]    ;
; 17:1               ; 2 bits    ; 22 LEs        ; 14 LEs               ; 8 LEs                  ; Yes        ; |code|charing:inst2|out2[7]    ;
; 17:1               ; 3 bits    ; 33 LEs        ; 24 LEs               ; 9 LEs                  ; Yes        ; |code|charing:inst2|T2[1]      ;
; 17:1               ; 4 bits    ; 44 LEs        ; 32 LEs               ; 12 LEs                 ; Yes        ; |code|charing:inst2|T1[1]      ;
; 45:1               ; 10 bits   ; 300 LEs       ; 240 LEs              ; 60 LEs                 ; Yes        ; |code|charing:inst2|number[10] ;
; 3:1                ; 5 bits    ; 10 LEs        ; 5 LEs                ; 5 LEs                  ; No         ; |code|keyboard:inst1|i2        ;
; 5:1                ; 4 bits    ; 12 LEs        ; 8 LEs                ; 4 LEs                  ; No         ; |code|charing:inst2|data[1]    ;
; 4:1                ; 5 bits    ; 10 LEs        ; 5 LEs                ; 5 LEs                  ; No         ; |code|keyboard:inst1|i3        ;
; 4:1                ; 5 bits    ; 10 LEs        ; 5 LEs                ; 5 LEs                  ; No         ; |code|keyboard:inst1|i6        ;
; 5:1                ; 5 bits    ; 15 LEs        ; 5 LEs                ; 10 LEs                 ; No         ; |code|keyboard:inst1|i4        ;
; 5:1                ; 5 bits    ; 15 LEs        ; 5 LEs                ; 10 LEs                 ; No         ; |code|keyboard:inst1|i7        ;
; 6:1                ; 5 bits    ; 20 LEs        ; 5 LEs                ; 15 LEs                 ; No         ; |code|keyboard:inst1|i5        ;
; 19:1               ; 3 bits    ; 36 LEs        ; 12 LEs               ; 24 LEs                 ; No         ; |code|charing:inst2|Selector37 ;
+--------------------+-----------+---------------+----------------------+------------------------+------------+--------------------------------+


+------------------------------------------------------------+
; Parameter Settings for User Entity Instance: charing:inst2 ;
+----------------+-------+-----------------------------------+
; Parameter Name ; Value ; Type                              ;
+----------------+-------+-----------------------------------+
; s0             ; 0     ; Signed Integer                    ;
; s1             ; 1     ; Signed Integer                    ;
; s2             ; 2     ; Signed Integer                    ;
; s3             ; 3     ; Signed Integer                    ;
; s4             ; 4     ; Signed Integer                    ;
; s5             ; 5     ; Signed Integer                    ;
; s6             ; 6     ; Signed Integer                    ;
+----------------+-------+-----------------------------------+
Note: In order to hide this table in the UI and the text report file, please set the "Show Parameter Settings in Synthesis Report" option in "Analysis and Synthesis Settings -> More Settings" to "Off".


+-------------------------------+
; Elapsed Time Per Partition    ;
+----------------+--------------+
; Partition Name ; Elapsed Time ;
+----------------+--------------+
; Top            ; 00:00:03     ;
+----------------+--------------+


+-------------------------------+
; Analysis & Synthesis Messages ;
+-------------------------------+
Info: *******************************************************************
Info: Running Quartus II 64-Bit Analysis & Synthesis
    Info: Version 13.0.0 Build 156 04/24/2013 SJ Full Version
    Info: Processing started: Sun Aug 06 00:56:23 2017
Info: Command: quartus_map --read_settings_files=on --write_settings_files=off code -c code
Info (11104): Parallel Compilation has detected 8 hyper-threaded processors. However, the extra hyper-threaded processors will not be used by default. Parallel Compilation will use 4 of the 4 physical processors detected instead.
Info (12021): Found 1 design units, including 1 entities, in source file keyboard.v
    Info (12023): Found entity 1: keyboard
Info (12021): Found 1 design units, including 1 entities, in source file state.v
    Info (12023): Found entity 1: charing
Info (12021): Found 1 design units, including 1 entities, in source file fenpin.v
    Info (12023): Found entity 1: f_1hz
Info (12021): Found 1 design units, including 1 entities, in source file code.bdf
    Info (12023): Found entity 1: code
Critical Warning (10226): Verilog HDL Port Declaration warning at keyboard.v(11): port declaration for "out11" declares packed dimensions but the data type declaration does not
Info (10499): HDL info at keyboard.v(5): see declaration for object "out11"
Critical Warning (10226): Verilog HDL Port Declaration warning at keyboard.v(11): port declaration for "out1" declares packed dimensions but the data type declaration does not
Info (10499): HDL info at keyboard.v(5): see declaration for object "out1"
Critical Warning (10226): Verilog HDL Port Declaration warning at keyboard.v(11): port declaration for "out2" declares packed dimensions but the data type declaration does not
Info (10499): HDL info at keyboard.v(5): see declaration for object "out2"
Critical Warning (10226): Verilog HDL Port Declaration warning at keyboard.v(11): port declaration for "out3" declares packed dimensions but the data type declaration does not
Info (10499): HDL info at keyboard.v(5): see declaration for object "out3"
Critical Warning (10226): Verilog HDL Port Declaration warning at keyboard.v(11): port declaration for "out4" declares packed dimensions but the data type declaration does not
Info (10499): HDL info at keyboard.v(5): see declaration for object "out4"
Critical Warning (10226): Verilog HDL Port Declaration warning at keyboard.v(11): port declaration for "out5" declares packed dimensions but the data type declaration does not
Info (10499): HDL info at keyboard.v(5): see declaration for object "out5"
Critical Warning (10226): Verilog HDL Port Declaration warning at keyboard.v(11): port declaration for "out6" declares packed dimensions but the data type declaration does not
Info (10499): HDL info at keyboard.v(5): see declaration for object "out6"
Critical Warning (10226): Verilog HDL Port Declaration warning at keyboard.v(11): port declaration for "out7" declares packed dimensions but the data type declaration does not
Info (10499): HDL info at keyboard.v(5): see declaration for object "out7"
Critical Warning (10226): Verilog HDL Port Declaration warning at keyboard.v(11): port declaration for "out8" declares packed dimensions but the data type declaration does not
Info (10499): HDL info at keyboard.v(5): see declaration for object "out8"
Critical Warning (10226): Verilog HDL Port Declaration warning at keyboard.v(11): port declaration for "out9" declares packed dimensions but the data type declaration does not
Info (10499): HDL info at keyboard.v(5): see declaration for object "out9"
Critical Warning (10226): Verilog HDL Port Declaration warning at keyboard.v(11): port declaration for "reset" declares packed dimensions but the data type declaration does not
Info (10499): HDL info at keyboard.v(5): see declaration for object "reset"
Critical Warning (10226): Verilog HDL Port Declaration warning at keyboard.v(11): port declaration for "ok" declares packed dimensions but the data type declaration does not
Info (10499): HDL info at keyboard.v(5): see declaration for object "ok"
Critical Warning (10226): Verilog HDL Port Declaration warning at keyboard.v(11): port declaration for "start" declares packed dimensions but the data type declaration does not
Info (10499): HDL info at keyboard.v(5): see declaration for object "start"
Info (12127): Elaborating entity "code" for the top level hierarchy
Info (12128): Elaborating entity "charing" for hierarchy "charing:inst2"
Warning (10230): Verilog HDL assignment warning at state.v(29): truncated value with size 32 to match size of target (9)
Warning (10230): Verilog HDL assignment warning at state.v(31): truncated value with size 32 to match size of target (12)
Warning (10230): Verilog HDL assignment warning at state.v(44): truncated value with size 32 to match size of target (16)
Warning (10230): Verilog HDL assignment warning at state.v(45): truncated value with size 32 to match size of target (16)
Warning (10230): Verilog HDL assignment warning at state.v(46): truncated value with size 32 to match size of target (16)
Warning (10230): Verilog HDL assignment warning at state.v(47): truncated value with size 32 to match size of target (16)
Warning (10230): Verilog HDL assignment warning at state.v(48): truncated value with size 32 to match size of target (16)
Warning (10230): Verilog HDL assignment warning at state.v(49): truncated value with size 32 to match size of target (16)
Warning (10230): Verilog HDL assignment warning at state.v(50): truncated value with size 32 to match size of target (16)
Warning (10230): Verilog HDL assignment warning at state.v(51): truncated value with size 32 to match size of target (16)
Warning (10230): Verilog HDL assignment warning at state.v(52): truncated value with size 32 to match size of target (16)
Warning (10230): Verilog HDL assignment warning at state.v(63): truncated value with size 32 to match size of target (16)
Warning (10230): Verilog HDL assignment warning at state.v(64): truncated value with size 32 to match size of target (16)
Warning (10230): Verilog HDL assignment warning at state.v(65): truncated value with size 32 to match size of target (16)
Warning (10230): Verilog HDL assignment warning at state.v(66): truncated value with size 32 to match size of target (16)
Warning (10230): Verilog HDL assignment warning at state.v(67): truncated value with size 32 to match size of target (16)
Warning (10230): Verilog HDL assignment warning at state.v(68): truncated value with size 32 to match size of target (16)
Warning (10230): Verilog HDL assignment warning at state.v(69): truncated value with size 32 to match size of target (16)
Warning (10230): Verilog HDL assignment warning at state.v(70): truncated value with size 32 to match size of target (16)
Warning (10230): Verilog HDL assignment warning at state.v(71): truncated value with size 32 to match size of target (16)
Warning (10230): Verilog HDL assignment warning at state.v(83): truncated value with size 32 to match size of target (16)
Warning (10230): Verilog HDL assignment warning at state.v(84): truncated value with size 32 to match size of target (16)
Warning (10230): Verilog HDL assignment warning at state.v(85): truncated value with size 32 to match size of target (16)
Warning (10230): Verilog HDL assignment warning at state.v(86): truncated value with size 32 to match size of target (16)
Warning (10230): Verilog HDL assignment warning at state.v(87): truncated value with size 32 to match size of target (16)
Warning (10230): Verilog HDL assignment warning at state.v(88): truncated value with size 32 to match size of target (16)
Warning (10230): Verilog HDL assignment warning at state.v(89): truncated value with size 32 to match size of target (16)
Warning (10230): Verilog HDL assignment warning at state.v(90): truncated value with size 32 to match size of target (16)
Warning (10230): Verilog HDL assignment warning at state.v(91): truncated value with size 32 to match size of target (16)
Warning (10230): Verilog HDL assignment warning at state.v(103): truncated value with size 32 to match size of target (16)
Warning (10230): Verilog HDL assignment warning at state.v(104): truncated value with size 32 to match size of target (16)
Warning (10230): Verilog HDL assignment warning at state.v(105): truncated value with size 32 to match size of target (16)
Warning (10230): Verilog HDL assignment warning at state.v(106): truncated value with size 32 to match size of target (16)
Warning (10230): Verilog HDL assignment warning at state.v(107): truncated value with size 32 to match size of target (16)
Warning (10230): Verilog HDL assignment warning at state.v(108): truncated value with size 32 to match size of target (16)
Warning (10230): Verilog HDL assignment warning at state.v(109): truncated value with size 32 to match size of target (16)
Warning (10230): Verilog HDL assignment warning at state.v(110): truncated value with size 32 to match size of target (16)
Warning (10230): Verilog HDL assignment warning at state.v(111): truncated value with size 32 to match size of target (16)
Warning (10230): Verilog HDL assignment warning at state.v(156): truncated value with size 32 to match size of target (2)
Warning (10235): Verilog HDL Always Construct warning at state.v(162): variable "switch" is read inside the Always Construct but isn't in the Always Construct's Event Control
Warning (10235): Verilog HDL Always Construct warning at state.v(165): variable "out1" is read inside the Always Construct but isn't in the Always Construct's Event Control
Warning (10235): Verilog HDL Always Construct warning at state.v(166): variable "out1" is read inside the Always Construct but isn't in the Always Construct's Event Control
Warning (10235): Verilog HDL Always Construct warning at state.v(167): variable "out2" is read inside the Always Construct but isn't in the Always Construct's Event Control
Warning (10235): Verilog HDL Always Construct warning at state.v(168): variable "out2" is read inside the Always Construct but isn't in the Always Construct's Event Control
Warning (10230): Verilog HDL assignment warning at state.v(169): truncated value with size 32 to match size of target (4)
Warning (10235): Verilog HDL Always Construct warning at state.v(173): variable "out1" is read inside the Always Construct but isn't in the Always Construct's Event Control
Warning (10235): Verilog HDL Always Construct warning at state.v(175): variable "data" is read inside the Always Construct but isn't in the Always Construct's Event Control
Warning (10230): Verilog HDL assignment warning at state.v(189): truncated value with size 32 to match size of target (7)
Info (12128): Elaborating entity "f_1hz" for hierarchy "f_1hz:inst"
Warning (10230): Verilog HDL assignment warning at fenpin.v(10): truncated value with size 32 to match size of target (17)
Info (12128): Elaborating entity "keyboard" for hierarchy "keyboard:inst1"
Warning (10230): Verilog HDL assignment warning at keyboard.v(24): truncated value with size 32 to match size of target (5)
Warning (10230): Verilog HDL assignment warning at keyboard.v(25): truncated value with size 32 to match size of target (5)
Warning (10230): Verilog HDL assignment warning at keyboard.v(26): truncated value with size 32 to match size of target (5)
Warning (10230): Verilog HDL assignment warning at keyboard.v(27): truncated value with size 32 to match size of target (5)
Warning (10230): Verilog HDL assignment warning at keyboard.v(28): truncated value with size 32 to match size of target (5)
Warning (10230): Verilog HDL assignment warning at keyboard.v(29): truncated value with size 32 to match size of target (5)
Warning (10230): Verilog HDL assignment warning at keyboard.v(30): truncated value with size 32 to match size of target (5)
Warning (10230): Verilog HDL assignment warning at keyboard.v(31): truncated value with size 32 to match size of target (5)
Warning (10230): Verilog HDL assignment warning at keyboard.v(32): truncated value with size 32 to match size of target (5)
Warning (10230): Verilog HDL assignment warning at keyboard.v(33): truncated value with size 32 to match size of target (5)
Warning (10230): Verilog HDL assignment warning at keyboard.v(34): truncated value with size 32 to match size of target (5)
Warning (10230): Verilog HDL assignment warning at keyboard.v(35): truncated value with size 32 to match size of target (5)
Warning (10230): Verilog HDL assignment warning at keyboard.v(36): truncated value with size 32 to match size of target (5)
Info (17049): 3 registers lost all their fanouts during netlist optimizations.
Info (144001): Generated suppressed messages file H:/code/output_files/code.map.smsg
Info (16010): Generating hard_block partition "hard_block:auto_generated_inst"
    Info (16011): Adding 0 node(s), including 0 DDIO, 0 PLL, 0 transceiver and 0 LCELL
Info (21057): Implemented 1315 device resources after synthesis - the final resource count might be different
    Info (21058): Implemented 5 input pins
    Info (21059): Implemented 15 output pins
    Info (21061): Implemented 1295 logic cells
Info: Quartus II 64-Bit Analysis & Synthesis was successful. 0 errors, 75 warnings
    Info: Peak virtual memory: 491 megabytes
    Info: Processing ended: Sun Aug 06 00:56:28 2017
    Info: Elapsed time: 00:00:05
    Info: Total CPU time (on all processors): 00:00:05


+------------------------------------------+
; Analysis & Synthesis Suppressed Messages ;
+------------------------------------------+
The suppressed messages can be found in H:/code/output_files/code.map.smsg.


